::1 - - [23/Jul/2025 22:32:40] "GET / HTTP/1.1" 200 -
::1 - - [23/Jul/2025 22:32:40] "GET /style.css HTTP/1.1" 200 -
::1 - - [23/Jul/2025 22:32:40] "GET /script.js HTTP/1.1" 200 -
::1 - - [23/Jul/2025 22:32:40] "GET /imgs/img_cam_bg2.png HTTP/1.1" 200 -
::1 - - [23/Jul/2025 22:32:40] "GET /imgs/img_bg1.png HTTP/1.1" 200 -
::1 - - [23/Jul/2025 22:32:40] "GET /imgs/img_cam_bg1.png HTTP/1.1" 200 -
::1 - - [23/Jul/2025 22:32:40] "GET /imgs/img_man4.png HTTP/1.1" 200 -
::1 - - [23/Jul/2025 22:32:40] "GET /imgs/img_man10.png HTTP/1.1" 200 -
::1 - - [23/Jul/2025 22:32:40] "GET /imgs/img_man7.png HTTP/1.1" 200 -
::1 - - [23/Jul/2025 22:32:40] "GET /imgs/img_man11.png HTTP/1.1" 200 -
::1 - - [23/Jul/2025 22:32:40] "GET /imgs/img_man8.png HTTP/1.1" 200 -
::1 - - [23/Jul/2025 22:32:40] "GET /imgs/img_man2.png HTTP/1.1" 200 -
::1 - - [23/Jul/2025 22:32:40] "GET /imgs/img_man1.png HTTP/1.1" 200 -
::1 - - [23/Jul/2025 22:32:40] "GET /imgs/img_man3.png HTTP/1.1" 200 -
::1 - - [23/Jul/2025 22:32:40] "GET /imgs/img_man9.png HTTP/1.1" 200 -
::1 - - [23/Jul/2025 22:32:40] "GET /imgs/img_man5.png HTTP/1.1" 200 -
::1 - - [23/Jul/2025 22:32:40] code 404, message File not found
::1 - - [23/Jul/2025 22:32:40] "GET /favicon.ico HTTP/1.1" 404 -
::1 - - [23/Jul/2025 22:32:53] "GET / HTTP/1.1" 200 -
::1 - - [23/Jul/2025 22:32:53] "GET /style.css HTTP/1.1" 200 -
::1 - - [23/Jul/2025 22:32:53] "GET /script.js HTTP/1.1" 200 -
::1 - - [23/Jul/2025 22:32:53] "GET /imgs/img_bg1.png HTTP/1.1" 200 -
::1 - - [23/Jul/2025 22:32:53] "GET /imgs/img_cam_bg1.png HTTP/1.1" 200 -
::1 - - [23/Jul/2025 22:32:53] "GET /imgs/img_cam_bg2.png HTTP/1.1" 200 -
::1 - - [23/Jul/2025 22:32:53] "GET /imgs/img_man2.png HTTP/1.1" 200 -
::1 - - [23/Jul/2025 22:32:53] "GET /imgs/img_man9.png HTTP/1.1" 200 -
::1 - - [23/Jul/2025 22:32:53] "GET /imgs/img_man7.png HTTP/1.1" 200 -
::1 - - [23/Jul/2025 22:32:53] "GET /imgs/img_man1.png HTTP/1.1" 200 -
::1 - - [23/Jul/2025 22:32:53] "GET /imgs/img_man11.png HTTP/1.1" 200 -
::1 - - [23/Jul/2025 22:32:53] "GET /imgs/img_man10.png HTTP/1.1" 200 -
::1 - - [23/Jul/2025 22:32:53] "GET /imgs/img_man5.png HTTP/1.1" 200 -
::1 - - [23/Jul/2025 22:32:53] "GET /imgs/img_man3.png HTTP/1.1" 200 -
::1 - - [23/Jul/2025 22:32:53] "GET /imgs/img_man6.png HTTP/1.1" 200 -
::1 - - [23/Jul/2025 22:32:53] "GET /imgs/img_man8.png HTTP/1.1" 200 -
::1 - - [23/Jul/2025 22:32:56] "GET / HTTP/1.1" 304 -
::1 - - [23/Jul/2025 22:32:56] "GET /imgs/img_man4.png HTTP/1.1" 200 -
::1 - - [23/Jul/2025 22:33:13] "GET / HTTP/1.1" 304 -
::1 - - [23/Jul/2025 22:33:13] "GET /script.js HTTP/1.1" 304 -
::1 - - [23/Jul/2025 22:35:55] "GET / HTTP/1.1" 304 -
::1 - - [23/Jul/2025 22:35:55] "GET /style.css HTTP/1.1" 304 -
::1 - - [23/Jul/2025 22:35:55] "GET /script.js HTTP/1.1" 200 -
::1 - - [23/Jul/2025 22:36:25] "GET / HTTP/1.1" 304 -
::1 - - [23/Jul/2025 22:36:25] "GET /script.js HTTP/1.1" 304 -
::1 - - [23/Jul/2025 22:40:04] "GET / HTTP/1.1" 304 -
::1 - - [23/Jul/2025 22:40:04] "GET /style.css HTTP/1.1" 304 -
::1 - - [23/Jul/2025 22:40:04] "GET /script.js HTTP/1.1" 200 -
::1 - - [23/Jul/2025 22:42:05] "GET / HTTP/1.1" 304 -
::1 - - [23/Jul/2025 22:42:05] "GET /script.js HTTP/1.1" 200 -
::1 - - [23/Jul/2025 22:44:42] "GET / HTTP/1.1" 304 -
::1 - - [23/Jul/2025 22:44:42] "GET /script.js HTTP/1.1" 200 -
::1 - - [23/Jul/2025 22:44:42] "GET /style.css HTTP/1.1" 200 -
::1 - - [23/Jul/2025 22:45:16] "GET / HTTP/1.1" 304 -
::1 - - [23/Jul/2025 22:45:16] "GET /style.css HTTP/1.1" 304 -
::1 - - [23/Jul/2025 22:45:16] "GET /script.js HTTP/1.1" 304 -
::1 - - [23/Jul/2025 22:45:55] "GET / HTTP/1.1" 200 -
::1 - - [23/Jul/2025 22:45:55] "GET /script.js HTTP/1.1" 200 -
::1 - - [23/Jul/2025 22:45:55] "GET /style.css HTTP/1.1" 200 -
::1 - - [23/Jul/2025 22:45:55] "GET /imgs/img_cam_bg2.png HTTP/1.1" 200 -
::1 - - [23/Jul/2025 22:45:55] "GET /imgs/img_bg1.png HTTP/1.1" 200 -
::1 - - [23/Jul/2025 22:45:55] "GET /imgs/img_cam_bg1.png HTTP/1.1" 200 -
::1 - - [23/Jul/2025 22:45:55] "GET /imgs/img_man1.png HTTP/1.1" 200 -
::1 - - [23/Jul/2025 22:45:55] "GET /imgs/img_man9.png HTTP/1.1" 200 -
::1 - - [23/Jul/2025 22:45:55] "GET /imgs/img_man5.png HTTP/1.1" 200 -
::1 - - [23/Jul/2025 22:45:55] "GET /imgs/img_man2.png HTTP/1.1" 200 -
::1 - - [23/Jul/2025 22:45:55] "GET /imgs/img_man10.png HTTP/1.1" 200 -
::1 - - [23/Jul/2025 22:45:55] "GET /imgs/img_man4.png HTTP/1.1" 200 -
::1 - - [23/Jul/2025 22:45:55] "GET /imgs/img_man11.png HTTP/1.1" 200 -
::1 - - [23/Jul/2025 22:45:55] "GET /imgs/img_man3.png HTTP/1.1" 200 -
::1 - - [23/Jul/2025 22:45:55] "GET /imgs/img_man7.png HTTP/1.1" 200 -
::1 - - [23/Jul/2025 22:45:55] "GET /imgs/img_man6.png HTTP/1.1" 200 -
::1 - - [23/Jul/2025 22:50:11] "GET / HTTP/1.1" 304 -
::1 - - [23/Jul/2025 22:50:11] "GET /style.css HTTP/1.1" 304 -
::1 - - [23/Jul/2025 22:50:11] "GET /script.js HTTP/1.1" 200 -
::1 - - [23/Jul/2025 22:51:24] "GET /imgs/img_man8.png HTTP/1.1" 200 -
